TN:
SF:/usr/include/stdlib.h
DA:285,0
LF:1
LH:0
end_of_record
SF:/usr/include/x86_64-linux-gnu/bits/stdio.h
DA:81,3874084
LF:1
LH:1
end_of_record
SF:/usr/include/x86_64-linux-gnu/bits/stdio2.h
DA:33,5811126
DA:97,0
DA:104,9102436
LF:3
LH:2
end_of_record
SF:/home/reliableProj/ReliableProj/afl_gcov/binutils-2.30/binutils/size.c
FN:74,usage
FN:120,main
FN:262,calculate_common_size
FN:295,display_bfd
FN:346,display_archive
FN:385,display_file
FN:417,size_number
FN:430,rprint_number
FN:447,berkeley_sum
FN:467,print_berkeley_format
FN:514,sysv_internal_sizer
FN:536,sysv_one_line
FN:546,sysv_internal_printer
FN:564,print_sysv_format
FN:609,print_sizes
FNDA:0,usage
FNDA:3871879,main
FNDA:0,calculate_common_size
FNDA:3871878,display_bfd
FNDA:0,display_archive
FNDA:3871879,display_file
FNDA:0,size_number
FNDA:5811126,rprint_number
FNDA:34599076,berkeley_sum
FNDA:1937042,print_berkeley_format
FNDA:0,sysv_internal_sizer
FNDA:0,sysv_one_line
FNDA:0,sysv_internal_printer
FNDA:0,print_sysv_format
FNDA:1937042,print_sizes
FNF:15
FNH:7
DA:74,0
DA:76,0
DA:77,0
DA:78,0
DA:79,0
DA:95,0
DA:96,0
DA:97,0
DA:98,0
DA:120,3871879
DA:126,3871879
DA:129,3871879
DA:131,3871879
DA:132,3871879
DA:134,3871879
DA:135,3871879
DA:136,3871879
DA:138,3871879
DA:140,3871879
DA:141,3871879
DA:143,7743758
DA:145,0
DA:148,0
DA:152,0
DA:153,0
DA:156,0
DA:157,0
DA:159,0
DA:160,0
DA:165,0
DA:166,0
DA:172,0
DA:174,0
DA:177,0
DA:178,0
DA:180,0
DA:181,0
DA:183,0
DA:184,0
DA:186,0
DA:187,0
DA:192,0
DA:193,0
DA:195,0
DA:196,0
DA:199,0
DA:200,0
DA:202,0
DA:203,0
DA:205,0
DA:206,0
DA:208,0
DA:209,0
DA:211,0
DA:212,0
DA:228,0
DA:231,3871879
DA:232,0
DA:233,3871879
DA:234,0
DA:236,3871879
DA:237,1
DA:239,7743756
DA:240,3871878
DA:242,3871879
DA:244,0
DA:246,0
DA:247,0
DA:248,0
DA:249,0
DA:250,0
DA:251,0
DA:253,0
DA:256,3871879
DA:262,0
DA:264,0
DA:267,0
DA:268,0
DA:271,0
DA:272,0
DA:273,0
DA:274,0
DA:275,0
DA:277,0
DA:278,0
DA:279,0
DA:281,0
DA:283,0
DA:285,0
DA:286,0
DA:287,0
DA:289,0
DA:295,3871878
DA:299,3871878
DA:301,1937042
DA:303,3871878
DA:305,1354268
DA:310,2517610
DA:312,0
DA:313,0
DA:314,0
DA:315,0
DA:316,0
DA:319,2517610
DA:323,582774
DA:324,582774
DA:326,582774
DA:327,582774
DA:330,582774
DA:331,582774
DA:334,1934836
DA:336,1934836
DA:338,0
DA:339,0
DA:342,1934836
DA:346,0
DA:348,0
DA:349,0
DA:353,0
DA:355,0
DA:356,0
DA:358,0
DA:360,0
DA:361,0
DA:366,0
DA:368,0
DA:370,0
DA:373,0
DA:380,0
DA:381,0
DA:385,3871879
DA:389,3871879
DA:391,1
DA:392,1
DA:395,3871878
DA:396,3871878
DA:398,0
DA:399,0
DA:400,0
DA:403,3871878
DA:404,0
DA:406,3871878
DA:408,3871878
DA:410,0
DA:411,0
DA:412,0
DA:417,0
DA:421,0
DA:422,0
DA:426,0
DA:430,5811126
DA:434,11622252
DA:435,5811126
DA:439,5811126
DA:440,5811126
DA:447,34599076
DA:453,34599076
DA:454,34599076
DA:457,19110393
DA:458,19110393
DA:459,12671760
DA:460,6438633
DA:461,5202872
DA:463,1235761
DA:467,1937042
DA:472,1937042
DA:473,1937042
DA:474,1937042
DA:476,1937042
DA:478,1937042
DA:479,1937042
DA:480,1937042
DA:483,1937042
DA:485,1937042
DA:487,0
DA:488,0
DA:489,0
DA:492,1937042
DA:493,1937042
DA:494,1937042
DA:495,1937042
DA:496,1937042
DA:497,3874084
DA:500,1937042
DA:502,1937042
DA:503,0
DA:504,1937042
DA:514,0
DA:517,0
DA:519,0
DA:520,0
DA:521,0
DA:523,0
DA:525,0
DA:526,0
DA:528,0
DA:530,0
DA:531,0
DA:533,0
DA:536,0
DA:538,0
DA:539,0
DA:540,0
DA:541,0
DA:542,0
DA:543,0
DA:546,0
DA:549,0
DA:551,0
DA:552,0
DA:553,0
DA:555,0
DA:557,0
DA:561,0
DA:564,0
DA:567,0
DA:568,0
DA:569,0
DA:570,0
DA:571,0
DA:573,0
DA:574,0
DA:575,0
DA:578,0
DA:580,0
DA:581,0
DA:583,0
DA:584,0
DA:585,0
DA:587,0
DA:588,0
DA:590,0
DA:591,0
DA:593,0
DA:596,0
DA:597,0
DA:599,0
DA:600,0
DA:603,0
DA:604,0
DA:605,0
DA:606,0
DA:609,1937042
DA:611,1937042
DA:612,0
DA:613,1937042
DA:614,1937042
DA:616,0
DA:617,1937042
LF:249
LH:83
end_of_record
