TN:
SF:/usr/include/stdlib.h
DA:280,199
LF:1
LH:1
end_of_record
SF:/usr/include/x86_64-linux-gnu/bits/stdio2.h
DA:97,0
DA:285,3
DA:288,0
DA:289,0
DA:290,0
DA:292,0
DA:293,0
DA:295,3
LF:8
LH:2
end_of_record
SF:/usr/include/x86_64-linux-gnu/bits/string3.h
DA:53,757
DA:90,1
LF:2
LH:2
end_of_record
SF:/home/reliableProj/ReliableProj/afl_gcov/binutils-2.30/binutils/syslex.c
FN:725,yylex
FN:1096,yy_get_next_buffer
FN:1230,yy_get_previous_state
FN:1368,yyrestart
FN:1385,yy_switch_to_buffer
FN:1430,yy_create_buffer
FN:1458,yy_delete_buffer
FN:1477,yy_init_buffer
FN:1505,yy_flush_buffer
FN:1534,yypush_buffer_state
FN:1564,yypop_buffer_state
FN:1583,yyensure_buffer_stack
FN:1632,yy_scan_buffer
FN:1669,yy_scan_string
FN:1682,yy_scan_bytes
FN:1716,yy_fatal_error
FN:1744,yyget_lineno
FN:1753,yyget_in
FN:1761,yyget_out
FN:1769,yyget_leng
FN:1778,yyget_text
FN:1787,yyset_lineno
FN:1799,yyset_in
FN:1804,yyset_out
FN:1809,yyget_debug
FN:1814,yyset_debug
FN:1848,yylex_destroy
FN:1894,yyalloc
FN:1899,yyrealloc
FN:1912,yyfree
FNDA:3769,yylex
FNDA:3,yy_get_next_buffer
FNDA:2,yy_get_previous_state
FNDA:1,yyrestart
FNDA:0,yy_switch_to_buffer
FNDA:1,yy_create_buffer
FNDA:0,yy_delete_buffer
FNDA:2,yy_init_buffer
FNDA:2,yy_flush_buffer
FNDA:0,yypush_buffer_state
FNDA:0,yypop_buffer_state
FNDA:1,yyensure_buffer_stack
FNDA:0,yy_scan_buffer
FNDA:0,yy_scan_string
FNDA:0,yy_scan_bytes
FNDA:0,yy_fatal_error
FNDA:0,yyget_lineno
FNDA:0,yyget_in
FNDA:0,yyget_out
FNDA:0,yyget_leng
FNDA:0,yyget_text
FNDA:0,yyset_lineno
FNDA:0,yyset_in
FNDA:0,yyset_out
FNDA:0,yyget_debug
FNDA:0,yyset_debug
FNDA:0,yylex_destroy
FNDA:0,yyalloc
FNDA:0,yyrealloc
FNDA:0,yyfree
FNF:30
FNH:8
DA:725,3769
DA:731,3769
DA:733,1
DA:739,1
DA:740,1
DA:742,1
DA:743,1
DA:745,1
DA:746,1
DA:748,1
DA:749,1
DA:750,2
DA:751,1
DA:764,6303
DA:767,6303
DA:772,6303
DA:774,6303
DA:778,15647
DA:779,15647
DA:781,1971
DA:782,1971
DA:784,22726
DA:786,7079
DA:787,7079
DA:788,6739
DA:790,15647
DA:791,15647
DA:793,15647
DA:796,6305
DA:797,6305
DA:799,340
DA:800,340
DA:801,340
DA:804,6305
DA:808,6306
DA:812,0
DA:813,0
DA:814,0
DA:815,0
DA:957,1
DA:962,3
DA:965,3
DA:968,3
DA:979,1
DA:980,1
DA:981,1
DA:991,3
DA:995,0
DA:997,0
DA:1008,0
DA:1010,0
DA:1012,0
DA:1015,0
DA:1016,0
DA:1017,0
DA:1027,3
DA:1031,1
DA:1044,1
DA:1046,1
DA:1047,1
DA:1059,2
DA:1060,2
DA:1062,2
DA:1064,2
DA:1065,2
DA:1066,2
DA:1069,0
DA:1070,0
DA:1072,0
DA:1074,0
DA:1075,0
DA:1076,0
DA:1082,0
DA:1096,3
DA:1098,3
DA:1099,3
DA:1103,3
DA:1104,0
DA:1107,3
DA:1109,0
DA:1122,0
DA:1129,3
DA:1131,3
DA:1132,0
DA:1134,3
DA:1138,0
DA:1142,3
DA:1143,3
DA:1145,6
DA:1149,0
DA:1151,0
DA:1152,0
DA:1154,0
DA:1156,0
DA:1158,0
DA:1159,0
DA:1161,0
DA:1163,0
DA:1165,0
DA:1169,0
DA:1171,0
DA:1172,0
DA:1175,0
DA:1177,0
DA:1182,3
DA:1183,3
DA:1186,6
DA:1189,3
DA:1192,3
DA:1194,1
DA:1196,1
DA:1197,1
DA:1202,0
DA:1203,0
DA:1211,3
DA:1213,0
DA:1214,0
DA:1215,0
DA:1216,0
DA:1219,3
DA:1220,3
DA:1221,3
DA:1223,3
DA:1225,3
DA:1230,2
DA:1235,2
DA:1237,2
DA:1239,0
DA:1240,0
DA:1242,0
DA:1243,0
DA:1245,0
DA:1247,0
DA:1248,0
DA:1249,0
DA:1251,0
DA:1254,2
DA:1265,0
DA:1267,0
DA:1268,0
DA:1270,0
DA:1271,0
DA:1273,0
DA:1275,0
DA:1279,0
DA:1280,0
DA:1282,0
DA:1368,1
DA:1371,1
DA:1372,0
DA:1373,0
DA:1374,0
DA:1377,1
DA:1379,1
DA:1385,0
DA:1393,0
DA:1394,0
DA:1397,0
DA:1400,0
DA:1401,0
DA:1402,0
DA:1405,0
DA:1413,0
DA:1418,3
DA:1419,3
DA:1420,3
DA:1421,3
DA:1430,1
DA:1434,1
DA:1435,1
DA:1436,0
DA:1438,1
DA:1443,2
DA:1444,1
DA:1445,0
DA:1447,1
DA:1449,1
DA:1451,1
DA:1458,0
DA:1461,0
DA:1464,0
DA:1465,0
DA:1467,0
DA:1468,0
DA:1477,2
DA:1480,2
DA:1482,2
DA:1484,2
DA:1485,2
DA:1491,2
DA:1492,1
DA:1493,1
DA:1496,2
DA:1498,2
DA:1499,2
DA:1505,2
DA:1507,2
DA:1510,2
DA:1516,2
DA:1517,2
DA:1519,2
DA:1521,2
DA:1522,2
DA:1524,2
DA:1534,0
DA:1536,0
DA:1539,0
DA:1542,0
DA:1545,0
DA:1546,0
DA:1547,0
DA:1551,0
DA:1552,0
DA:1553,0
DA:1557,0
DA:1564,0
DA:1566,0
DA:1569,0
DA:1570,0
DA:1571,0
DA:1572,0
DA:1574,0
DA:1576,0
DA:1583,1
DA:1587,1
DA:1593,1
DA:1594,2
DA:1597,1
DA:1598,0
DA:1600,2
DA:1602,1
DA:1603,1
DA:1604,1
DA:1607,0
DA:1610,0
DA:1612,0
DA:1613,0
DA:1617,0
DA:1618,0
DA:1621,0
DA:1622,0
DA:1632,0
DA:1636,0
DA:1637,0
DA:1638,0
DA:1642,0
DA:1643,0
DA:1644,0
DA:1646,0
DA:1647,0
DA:1648,0
DA:1649,0
DA:1650,0
DA:1651,0
DA:1652,0
DA:1653,0
DA:1654,0
DA:1656,0
DA:1658,0
DA:1669,0
DA:1672,0
DA:1682,0
DA:1690,0
DA:1691,0
DA:1692,0
DA:1693,0
DA:1695,0
DA:1696,0
DA:1698,0
DA:1700,0
DA:1701,0
DA:1702,0
DA:1707,0
DA:1709,0
DA:1716,0
DA:1718,0
DA:1719,0
DA:1744,0
DA:1747,0
DA:1753,0
DA:1755,0
DA:1761,0
DA:1763,0
DA:1769,0
DA:1771,0
DA:1778,0
DA:1780,0
DA:1787,0
DA:1790,0
DA:1791,0
DA:1799,0
DA:1801,0
DA:1802,0
DA:1804,0
DA:1806,0
DA:1807,0
DA:1809,0
DA:1811,0
DA:1814,0
DA:1816,0
DA:1817,0
DA:1826,0
DA:1827,0
DA:1828,0
DA:1829,0
DA:1830,0
DA:1837,0
DA:1838,0
DA:1848,0
DA:1852,0
DA:1853,0
DA:1854,0
DA:1855,0
DA:1859,0
DA:1860,0
DA:1866,0
DA:1894,0
DA:1896,3
DA:1899,0
DA:1909,0
DA:1912,0
DA:1914,0
DA:1915,0
LF:323
LH:130
end_of_record
SF:/home/reliableProj/ReliableProj/afl_gcov/binutils-2.30/binutils/syslex.l
DA:43,1197
DA:44,0
DA:45,0
DA:51,757
DA:52,1514
DA:53,757
DA:54,757
DA:58,31
DA:59,31
DA:63,398
DA:64,199
DA:68,46
DA:69,29
DA:70,108
DA:71,72
DA:73,0
DA:74,1
DA:75,29
DA:76,24
DA:77,1
DA:78,29
DA:79,2
DA:80,38
DA:81,8
DA:82,0
DA:83,0
LF:26
LH:21
end_of_record
TN:
SF:/usr/include/stdlib.h
DA:285,0
LF:1
LH:0
end_of_record
SF:/usr/include/x86_64-linux-gnu/bits/stdio.h
DA:81,3874084
LF:1
LH:1
end_of_record
SF:/usr/include/x86_64-linux-gnu/bits/stdio2.h
DA:33,5811126
DA:97,0
DA:104,9102436
LF:3
LH:2
end_of_record
SF:/home/reliableProj/ReliableProj/afl_gcov/binutils-2.30/binutils/size.c
FN:74,usage
FN:120,main
FN:262,calculate_common_size
FN:295,display_bfd
FN:346,display_archive
FN:385,display_file
FN:417,size_number
FN:430,rprint_number
FN:447,berkeley_sum
FN:467,print_berkeley_format
FN:514,sysv_internal_sizer
FN:536,sysv_one_line
FN:546,sysv_internal_printer
FN:564,print_sysv_format
FN:609,print_sizes
FNDA:0,usage
FNDA:3871879,main
FNDA:0,calculate_common_size
FNDA:3871878,display_bfd
FNDA:0,display_archive
FNDA:3871879,display_file
FNDA:0,size_number
FNDA:5811126,rprint_number
FNDA:34599076,berkeley_sum
FNDA:1937042,print_berkeley_format
FNDA:0,sysv_internal_sizer
FNDA:0,sysv_one_line
FNDA:0,sysv_internal_printer
FNDA:0,print_sysv_format
FNDA:1937042,print_sizes
FNF:15
FNH:7
DA:74,0
DA:76,0
DA:77,0
DA:78,0
DA:79,0
DA:95,0
DA:96,0
DA:97,0
DA:98,0
DA:120,3871879
DA:126,3871879
DA:129,3871879
DA:131,3871879
DA:132,3871879
DA:134,3871879
DA:135,3871879
DA:136,3871879
DA:138,3871879
DA:140,3871879
DA:141,3871879
DA:143,7743758
DA:145,0
DA:148,0
DA:152,0
DA:153,0
DA:156,0
DA:157,0
DA:159,0
DA:160,0
DA:165,0
DA:166,0
DA:172,0
DA:174,0
DA:177,0
DA:178,0
DA:180,0
DA:181,0
DA:183,0
DA:184,0
DA:186,0
DA:187,0
DA:192,0
DA:193,0
DA:195,0
DA:196,0
DA:199,0
DA:200,0
DA:202,0
DA:203,0
DA:205,0
DA:206,0
DA:208,0
DA:209,0
DA:211,0
DA:212,0
DA:228,0
DA:231,3871879
DA:232,0
DA:233,3871879
DA:234,0
DA:236,3871879
DA:237,1
DA:239,7743756
DA:240,3871878
DA:242,3871879
DA:244,0
DA:246,0
DA:247,0
DA:248,0
DA:249,0
DA:250,0
DA:251,0
DA:253,0
DA:256,3871879
DA:262,0
DA:264,0
DA:267,0
DA:268,0
DA:271,0
DA:272,0
DA:273,0
DA:274,0
DA:275,0
DA:277,0
DA:278,0
DA:279,0
DA:281,0
DA:283,0
DA:285,0
DA:286,0
DA:287,0
DA:289,0
DA:295,3871878
DA:299,3871878
DA:301,1937042
DA:303,3871878
DA:305,1354268
DA:310,2517610
DA:312,0
DA:313,0
DA:314,0
DA:315,0
DA:316,0
DA:319,2517610
DA:323,582774
DA:324,582774
DA:326,582774
DA:327,582774
DA:330,582774
DA:331,582774
DA:334,1934836
DA:336,1934836
DA:338,0
DA:339,0
DA:342,1934836
DA:346,0
DA:348,0
DA:349,0
DA:353,0
DA:355,0
DA:356,0
DA:358,0
DA:360,0
DA:361,0
DA:366,0
DA:368,0
DA:370,0
DA:373,0
DA:380,0
DA:381,0
DA:385,3871879
DA:389,3871879
DA:391,1
DA:392,1
DA:395,3871878
DA:396,3871878
DA:398,0
DA:399,0
DA:400,0
DA:403,3871878
DA:404,0
DA:406,3871878
DA:408,3871878
DA:410,0
DA:411,0
DA:412,0
DA:417,0
DA:421,0
DA:422,0
DA:426,0
DA:430,5811126
DA:434,11622252
DA:435,5811126
DA:439,5811126
DA:440,5811126
DA:447,34599076
DA:453,34599076
DA:454,34599076
DA:457,19110393
DA:458,19110393
DA:459,12671760
DA:460,6438633
DA:461,5202872
DA:463,1235761
DA:467,1937042
DA:472,1937042
DA:473,1937042
DA:474,1937042
DA:476,1937042
DA:478,1937042
DA:479,1937042
DA:480,1937042
DA:483,1937042
DA:485,1937042
DA:487,0
DA:488,0
DA:489,0
DA:492,1937042
DA:493,1937042
DA:494,1937042
DA:495,1937042
DA:496,1937042
DA:497,3874084
DA:500,1937042
DA:502,1937042
DA:503,0
DA:504,1937042
DA:514,0
DA:517,0
DA:519,0
DA:520,0
DA:521,0
DA:523,0
DA:525,0
DA:526,0
DA:528,0
DA:530,0
DA:531,0
DA:533,0
DA:536,0
DA:538,0
DA:539,0
DA:540,0
DA:541,0
DA:542,0
DA:543,0
DA:546,0
DA:549,0
DA:551,0
DA:552,0
DA:553,0
DA:555,0
DA:557,0
DA:561,0
DA:564,0
DA:567,0
DA:568,0
DA:569,0
DA:570,0
DA:571,0
DA:573,0
DA:574,0
DA:575,0
DA:578,0
DA:580,0
DA:581,0
DA:583,0
DA:584,0
DA:585,0
DA:587,0
DA:588,0
DA:590,0
DA:591,0
DA:593,0
DA:596,0
DA:597,0
DA:599,0
DA:600,0
DA:603,0
DA:604,0
DA:605,0
DA:606,0
DA:609,1937042
DA:611,1937042
DA:612,0
DA:613,1937042
DA:614,1937042
DA:616,0
DA:617,1937042
LF:249
LH:83
end_of_record
TN:
SF:/usr/include/x86_64-linux-gnu/bits/stdio2.h
DA:97,0
DA:104,559
LF:2
LH:1
end_of_record
SF:/usr/include/x86_64-linux-gnu/bits/string3.h
DA:53,0
LF:1
LH:0
end_of_record
SF:/home/reliableProj/ReliableProj/afl_gcov/binutils-2.30/binutils/sysinfo.c
FN:1024,yyparse
FNDA:1,yyparse
FNF:1
FNH:1
DA:1024,1
DA:1052,1
DA:1068,1
DA:1070,1
DA:1071,1
DA:1072,1
DA:1076,1
DA:1077,1
DA:1078,1
DA:1079,1
DA:1080,1
DA:1088,6220
DA:1091,6221
DA:1093,6221
DA:1096,0
DA:1123,0
DA:1125,0
DA:1126,0
DA:1127,0
DA:1130,0
DA:1131,0
DA:1132,0
DA:1133,0
DA:1135,0
DA:1136,0
DA:1138,0
DA:1139,0
DA:1144,0
DA:1145,0
DA:1150,0
DA:1156,6221
DA:1170,6220
DA:1171,6220
DA:1177,4312
DA:1180,3769
DA:1183,4312
DA:1185,2
DA:1190,4310
DA:1196,4312
DA:1197,4312
DA:1199,3769
DA:1200,3769
DA:1204,0
DA:1205,0
DA:1210,3769
DA:1211,0
DA:1217,3769
DA:1219,3769
DA:1221,3769
DA:1224,3769
DA:1231,2451
DA:1232,2451
DA:1242,2451
DA:1252,2451
DA:1256,2451
DA:1375,31
DA:1408,8
DA:1446,38
DA:1467,255
DA:1575,255
DA:1581,30
DA:1587,225
DA:1593,255
DA:1599,255
DA:1605,255
DA:1611,0
DA:1629,85
DA:1648,2451
DA:1649,2451
DA:1652,2451
DA:1658,2451
DA:1660,2451
DA:1661,2451
DA:1662,378
DA:1664,2073
DA:1675,0
DA:1678,0
DA:1680,0
DA:1719,0
DA:1724,0
DA:1727,0
DA:1732,0
DA:1734,0
DA:1771,0
DA:1772,0
DA:1774,0
DA:1775,0
DA:1777,0
DA:1778,0
DA:1784,0
DA:1788,0
DA:1789,0
DA:1790,0
DA:1791,0
DA:1793,0
DA:1796,0
DA:1803,0
DA:1804,0
DA:1826,0
DA:1827,0
DA:1851,1
DA:1852,0
DA:1858,1
LF:103
LH:57
end_of_record
SF:/home/reliableProj/ReliableProj/afl_gcov/binutils-2.30/binutils/sysinfo.y
FN:421,main
FNDA:1,main
FNF:1
FNH:1
DA:56,1
DA:70,0
DA:71,0
DA:72,0
DA:78,1
DA:100,31
DA:101,31
DA:104,62
DA:105,62
DA:106,62
DA:108,62
DA:110,62
DA:112,31
DA:115,0
DA:116,0
DA:117,0
DA:118,0
DA:119,0
DA:120,0
DA:121,0
DA:125,0
DA:126,0
DA:127,0
DA:128,0
DA:129,0
DA:130,0
DA:133,0
DA:134,0
DA:138,0
DA:139,0
DA:140,0
DA:151,31
DA:156,0
DA:164,31
DA:179,8
DA:180,8
DA:183,0
DA:184,0
DA:185,0
DA:186,0
DA:192,0
DA:194,0
DA:196,0
DA:197,0
DA:203,8
DA:204,8
DA:210,8
DA:212,8
DA:213,8
DA:214,8
DA:215,8
DA:229,38
DA:235,0
DA:239,38
DA:244,38
DA:257,255
DA:260,255
DA:261,255
DA:262,255
DA:263,255
DA:264,255
DA:265,255
DA:266,255
DA:269,0
DA:272,0
DA:278,0
DA:287,0
DA:290,0
DA:298,0
DA:300,0
DA:310,0
DA:312,0
DA:318,0
DA:326,0
DA:329,255
DA:330,31
DA:332,255
DA:335,30
DA:343,0
DA:344,0
DA:346,0
DA:348,0
DA:351,0
DA:355,0
DA:359,255
DA:360,255
DA:367,30
DA:368,225
DA:373,255
DA:378,255
DA:383,255
DA:384,0
DA:393,85
DA:396,85
DA:399,0
DA:402,85
DA:403,85
DA:421,1
DA:423,1
DA:424,1
DA:425,1
DA:426,1
DA:428,1
DA:429,1
DA:433,1
DA:440,0
LF:106
LH:55
end_of_record
TN:
SF:/home/reliableProj/ReliableProj/afl_gcov/binutils-2.30/binutils/filemode.c
FN:107,mode_string
FN:216,setst
FNDA:0,mode_string
FNDA:0,setst
FNF:2
FNH:0
DA:107,0
DA:109,0
DA:110,0
DA:111,0
DA:112,0
DA:113,0
DA:114,0
DA:115,0
DA:116,0
DA:117,0
DA:118,0
DA:119,0
DA:120,0
DA:184,0
DA:186,0
DA:188,0
DA:190,0
DA:192,0
DA:194,0
DA:216,0
DA:219,0
DA:221,0
DA:223,0
DA:225,0
DA:229,0
DA:231,0
DA:233,0
DA:235,0
DA:239,0
DA:241,0
DA:243,0
DA:245,0
DA:248,0
LF:33
LH:0
end_of_record
TN:
SF:/usr/include/stdlib.h
DA:280,0
LF:1
LH:0
end_of_record
SF:/usr/include/x86_64-linux-gnu/bits/stdio.h
DA:81,0
LF:1
LH:0
end_of_record
SF:/usr/include/x86_64-linux-gnu/bits/stdio2.h
DA:33,0
DA:97,1934837
DA:104,0
DA:127,1
LF:4
LH:2
end_of_record
SF:/usr/include/x86_64-linux-gnu/bits/string3.h
DA:53,0
DA:90,0
LF:2
LH:0
end_of_record
SF:/usr/include/x86_64-linux-gnu/sys/stat.h
DA:454,3871879
LF:1
LH:1
end_of_record
SF:/home/reliableProj/ReliableProj/afl_gcov/binutils-2.30/binutils/bucomm.c
FN:44,bfd_nonfatal
FN:69,bfd_nonfatal_message
FN:106,bfd_fatal
FN:113,report
FN:122,fatal
FN:134,non_fatal
FN:150,set_default_bfd_target
FN:165,list_matching_formats
FN:177,list_supported_targets
FN:197,list_supported_architectures
FN:214,endian_string
FN:249,do_display_target
FN:303,display_target_list
FN:320,do_info_size.isra.1
FN:344,do_info_row.isra.2
FN:367,display_target_tables
FN:412,display_info
FN:430,print_arelt_descr
FN:468,template_in_dir
FN:517,make_tempname
FN:543,make_tempdir
FN:568,parse_vma
FN:586,get_file_size
FN:617,bfd_get_archive_filename
FN:648,is_valid_archive_path
FNDA:1934836,bfd_nonfatal
FNDA:0,bfd_nonfatal_message
FNDA:0,bfd_fatal
FNDA:1,report
FNDA:0,fatal
FNDA:1,non_fatal
FNDA:3871879,set_default_bfd_target
FNDA:0,list_matching_formats
FNDA:0,list_supported_targets
FNDA:0,list_supported_architectures
FNDA:0,endian_string
FNDA:0,do_display_target
FNDA:0,display_target_list
FNDA:0,do_info_size.isra.1
FNDA:0,do_info_row.isra.2
FNDA:0,display_target_tables
FNDA:0,display_info
FNDA:0,print_arelt_descr
FNDA:0,template_in_dir
FNDA:0,make_tempname
FNDA:0,make_tempdir
FNDA:0,parse_vma
FNDA:3871879,get_file_size
FNDA:0,bfd_get_archive_filename
FNDA:0,is_valid_archive_path
FNF:25
FNH:5
DA:44,1934836
DA:48,1934836
DA:49,1934836
DA:50,1934836
DA:51,1934836
DA:53,0
DA:54,1934836
DA:69,0
DA:78,0
DA:79,0
DA:80,0
DA:81,0
DA:82,0
DA:84,0
DA:86,0
DA:87,0
DA:88,0
DA:89,0
DA:91,0
DA:92,0
DA:94,0
DA:96,0
DA:98,0
DA:99,0
DA:101,0
DA:102,0
DA:103,0
DA:106,0
DA:108,0
DA:109,0
DA:113,1
DA:115,1
DA:116,2
DA:117,2
DA:118,1
DA:119,1
DA:122,0
DA:126,0
DA:128,0
DA:129,0
DA:130,0
DA:134,1
DA:138,1
DA:140,1
DA:141,1
DA:142,1
DA:150,3871879
DA:153,3871879
DA:155,3871879
DA:156,0
DA:158,3871879
DA:165,0
DA:167,0
DA:168,0
DA:169,0
DA:170,0
DA:171,0
DA:172,0
DA:177,0
DA:182,0
DA:183,0
DA:185,0
DA:187,0
DA:188,0
DA:189,0
DA:190,0
DA:191,0
DA:192,0
DA:197,0
DA:202,0
DA:203,0
DA:205,0
DA:207,0
DA:208,0
DA:209,0
DA:210,0
DA:211,0
DA:214,0
DA:216,0
DA:218,0
DA:219,0
DA:220,0
DA:249,0
DA:251,0
DA:255,0
DA:256,0
DA:257,0
DA:259,0
DA:260,0
DA:261,0
DA:262,0
DA:263,0
DA:265,0
DA:267,0
DA:271,0
DA:272,0
DA:274,0
DA:275,0
DA:277,0
DA:279,0
DA:281,0
DA:282,0
DA:289,0
DA:290,0
DA:292,0
DA:293,0
DA:296,0
DA:297,0
DA:299,0
DA:303,0
DA:305,0
DA:306,0
DA:307,0
DA:308,0
DA:309,0
DA:311,0
DA:313,0
DA:314,0
DA:315,0
DA:320,0
DA:322,0
DA:324,0
DA:325,0
DA:327,0
DA:337,0
DA:338,0
DA:344,0
DA:347,0
DA:349,0
DA:350,0
DA:353,0
DA:354,0
DA:357,0
DA:358,0
DA:361,0
DA:367,0
DA:372,0
DA:374,0
DA:376,0
DA:377,0
DA:378,0
DA:379,0
DA:382,0
DA:383,0
DA:384,0
DA:385,0
DA:386,0
DA:387,0
DA:389,0
DA:391,0
DA:393,0
DA:394,0
DA:395,0
DA:397,0
DA:399,0
DA:401,0
DA:404,0
DA:409,0
DA:412,0
DA:416,0
DA:418,0
DA:419,0
DA:420,0
DA:422,0
DA:430,0
DA:434,0
DA:436,0
DA:440,0
DA:441,0
DA:445,0
DA:446,0
DA:449,0
DA:451,0
DA:452,0
DA:453,0
DA:455,0
DA:456,0
DA:461,0
DA:462,0
DA:468,0
DA:471,0
DA:487,0
DA:489,0
DA:490,0
DA:491,0
DA:500,0
DA:504,0
DA:505,0
DA:508,0
DA:509,0
DA:517,0
DA:519,0
DA:523,0
DA:530,0
DA:532,0
DA:533,0
DA:535,0
DA:536,0
DA:543,0
DA:545,0
DA:548,0
DA:568,0
DA:573,0
DA:575,0
DA:576,0
DA:578,0
DA:586,3871879
DA:590,3871879
DA:593,3871879
DA:595,1
DA:596,1
DA:598,0
DA:601,3871878
DA:602,0
DA:603,3871878
DA:604,0
DA:605,3871878
DA:606,0
DA:617,0
DA:623,0
DA:625,0
DA:626,0
DA:627,0
DA:629,0
DA:630,0
DA:631,0
DA:633,0
DA:634,0
DA:635,0
DA:636,0
DA:638,0
DA:639,0
DA:640,0
DA:648,0
DA:650,0
DA:652,0
DA:655,0
DA:657,0
DA:660,0
DA:661,0
DA:662,0
DA:663,0
LF:242
LH:29
end_of_record
TN:
SF:/usr/include/x86_64-linux-gnu/bits/stdio2.h
DA:104,0
LF:1
LH:0
end_of_record
SF:/home/reliableProj/ReliableProj/afl_gcov/binutils-2.30/binutils/version.c
FN:29,print_version
FNDA:0,print_version
FNF:1
FNH:0
DA:29,0
DA:33,0
DA:34,0
DA:35,0
DA:39,0
LF:5
LH:0
end_of_record
